<?xml version="1.0" encoding="UTF-8"?>
<testng-results ignored="0" total="5" passed="5" failed="0" skipped="0">
  <reporter-output>
  </reporter-output>
  <suite started-at="2023-02-14T23:00:24 IST" name="OrangeHRM Test Suite" finished-at="2023-02-14T23:00:40 IST" duration-ms="16593">
    <groups>
    </groups>
    <test started-at="2023-02-14T23:00:24 IST" name="Login Test case" finished-at="2023-02-14T23:00:26 IST" duration-ms="2515">
      <class name="testCases.Test_Login">
        <test-method signature="login()[pri:0, instance:testCases.Test_Login@2accdbb5]" started-at="2023-02-14T23:00:24 IST" name="login" finished-at="2023-02-14T23:00:26 IST" duration-ms="2489" status="PASS">
          <reporter-output>
          </reporter-output>
        </test-method> <!-- login -->
      </class> <!-- testCases.Test_Login -->
    </test> <!-- Login Test case -->
    <test started-at="2023-02-14T23:00:26 IST" name="Leave on Today Test case" finished-at="2023-02-14T23:00:27 IST" duration-ms="1135">
      <class name="testCases.Test_Leave_OnToday">
        <test-method signature="verifyLeaveOnToday()[pri:0, instance:testCases.Test_Leave_OnToday@4d5b6aac]" started-at="2023-02-14T23:00:26 IST" name="verifyLeaveOnToday" finished-at="2023-02-14T23:00:27 IST" duration-ms="1133" status="PASS">
          <reporter-output>
          </reporter-output>
        </test-method> <!-- verifyLeaveOnToday -->
      </class> <!-- testCases.Test_Leave_OnToday -->
    </test> <!-- Leave on Today Test case -->
    <test started-at="2023-02-14T23:00:27 IST" name="Check User Role Test case" finished-at="2023-02-14T23:00:30 IST" duration-ms="2773">
      <class name="testCases.Test_User_Role">
        <test-method signature="checkUserRole()[pri:0, instance:testCases.Test_User_Role@1b1426f4]" started-at="2023-02-14T23:00:27 IST" name="checkUserRole" finished-at="2023-02-14T23:00:30 IST" duration-ms="2770" status="PASS">
          <reporter-output>
          </reporter-output>
        </test-method> <!-- checkUserRole -->
      </class> <!-- testCases.Test_User_Role -->
    </test> <!-- Check User Role Test case -->
    <test started-at="2023-02-14T23:00:30 IST" name="Add Job Titels Test case" finished-at="2023-02-14T23:00:39 IST" duration-ms="8893">
      <class name="testCases.Test_Add_Job_Titles">
        <test-method signature="addJobTitles()[pri:0, instance:testCases.Test_Add_Job_Titles@fba92d3]" started-at="2023-02-14T23:00:30 IST" name="addJobTitles" finished-at="2023-02-14T23:00:39 IST" duration-ms="8890" status="PASS">
          <reporter-output>
          </reporter-output>
        </test-method> <!-- addJobTitles -->
      </class> <!-- testCases.Test_Add_Job_Titles -->
    </test> <!-- Add Job Titels Test case -->
    <test started-at="2023-02-14T23:00:39 IST" name="Logout Test case" finished-at="2023-02-14T23:00:40 IST" duration-ms="1197">
      <class name="testCases.Test_Logout">
        <test-method is-config="true" signature="launchBrowser()[pri:0, instance:testCases.Test_Logout@505fc5a4]" started-at="2023-02-14T23:00:09 IST" name="launchBrowser" finished-at="2023-02-14T23:00:24 IST" duration-ms="14395" status="PASS">
          <reporter-output>
          </reporter-output>
        </test-method> <!-- launchBrowser -->
        <test-method signature="logout()[pri:0, instance:testCases.Test_Logout@505fc5a4]" started-at="2023-02-14T23:00:39 IST" name="logout" finished-at="2023-02-14T23:00:40 IST" duration-ms="1194" status="PASS">
          <reporter-output>
          </reporter-output>
        </test-method> <!-- logout -->
        <test-method is-config="true" signature="tearDown()[pri:0, instance:testCases.Test_Logout@505fc5a4]" started-at="2023-02-14T23:00:40 IST" name="tearDown" finished-at="2023-02-14T23:00:40 IST" duration-ms="255" status="PASS">
          <reporter-output>
          </reporter-output>
        </test-method> <!-- tearDown -->
      </class> <!-- testCases.Test_Logout -->
    </test> <!-- Logout Test case -->
  </suite> <!-- OrangeHRM Test Suite -->
</testng-results>
